<?xml version="1.0" encoding="UTF-8"?>
<!-- Generated by org.testng.reporters.JUnitReportReporter -->
<testsuite hostname="amit" failures="0" tests="1" name="vtiger.Product.CreateAProduct" time="29.894" errors="0" timestamp="2023-03-27T20:03:54 IST" skipped="0">
  <testcase classname="vtiger.Product.CreateAProduct" name="createProductWithVendorDetails" time="29.894"/>
  <system-out/>
</testsuite> <!-- vtiger.Product.CreateAProduct -->
