<?xml version="1.0" encoding="UTF-8"?>
<!-- Generated by org.testng.reporters.JUnitReportReporter -->
<testsuite hostname="amit" failures="0" tests="1" name="vtiger.TocreateALeadAndVerifyLead" time="0.163" errors="0" timestamp="2023-03-10T13:52:12 IST" skipped="0">
  <testcase classname="vtiger.TocreateALeadAndVerifyLead" name="toCreateALeadeAndVerifyLeadTEst" time="0.163"/>
  <system-out/>
</testsuite> <!-- vtiger.TocreateALeadAndVerifyLead -->
