<?xml version="1.0" encoding="UTF-8"?>
<!-- Generated by org.testng.reporters.JUnitReportReporter -->
<testsuite hostname="amit" failures="0" tests="1" name="vtiger.leads.ToCreateALeadTest" time="20.411" errors="0" timestamp="2023-03-28T19:33:05 IST" skipped="0">
  <testcase classname="vtiger.leads.ToCreateALeadTest" name="toCreateALeadAndToVerifyTheLead" time="20.411"/>
  <system-out/>
</testsuite> <!-- vtiger.leads.ToCreateALeadTest -->
